Traceback (most recent call last):
  File "/usr/share/miniconda3/envs/gridding-cookbook-dev/lib/python3.10/site-packages/jupyter_cache/executors/utils.py", line 58, in single_nb_execution
    executenb(
  File "/usr/share/miniconda3/envs/gridding-cookbook-dev/lib/python3.10/site-packages/nbclient/client.py", line 1305, in execute
    return NotebookClient(nb=nb, resources=resources, km=km, **kwargs).execute()
  File "/usr/share/miniconda3/envs/gridding-cookbook-dev/lib/python3.10/site-packages/jupyter_core/utils/__init__.py", line 166, in wrapped
    return loop.run_until_complete(inner)
  File "/usr/share/miniconda3/envs/gridding-cookbook-dev/lib/python3.10/asyncio/base_events.py", line 649, in run_until_complete
    return future.result()
  File "/usr/share/miniconda3/envs/gridding-cookbook-dev/lib/python3.10/site-packages/nbclient/client.py", line 705, in async_execute
    await self.async_execute_cell(
  File "/usr/share/miniconda3/envs/gridding-cookbook-dev/lib/python3.10/site-packages/nbclient/client.py", line 1058, in async_execute_cell
    await self._check_raise_for_error(cell, cell_index, exec_reply)
  File "/usr/share/miniconda3/envs/gridding-cookbook-dev/lib/python3.10/site-packages/nbclient/client.py", line 914, in _check_raise_for_error
    raise CellExecutionError.from_cell_and_msg(cell, exec_reply_content)
nbclient.exceptions.CellExecutionError: An error occurred while executing the following cell:
------------------
import numpy as np
import xarray as xr
import xesmf as xe

# Plotting utilities
import seaborn as sns
import matplotlib.pyplot as plt
------------------


[0;31m---------------------------------------------------------------------------[0m
[0;31mModuleNotFoundError[0m                       Traceback (most recent call last)
Cell [0;32mIn[1], line 3[0m
[1;32m      1[0m [38;5;28;01mimport[39;00m [38;5;21;01mnumpy[39;00m [38;5;28;01mas[39;00m [38;5;21;01mnp[39;00m
[1;32m      2[0m [38;5;28;01mimport[39;00m [38;5;21;01mxarray[39;00m [38;5;28;01mas[39;00m [38;5;21;01mxr[39;00m
[0;32m----> 3[0m [38;5;28;01mimport[39;00m [38;5;21;01mxesmf[39;00m [38;5;28;01mas[39;00m [38;5;21;01mxe[39;00m
[1;32m      5[0m [38;5;66;03m# Plotting utilities[39;00m
[1;32m      6[0m [38;5;28;01mimport[39;00m [38;5;21;01mseaborn[39;00m [38;5;28;01mas[39;00m [38;5;21;01msns[39;00m

File [0;32m/usr/share/miniconda3/envs/gridding-cookbook-dev/lib/python3.10/site-packages/xesmf/__init__.py:4[0m
[1;32m      1[0m [38;5;66;03m# flake8: noqa[39;00m
[1;32m      3[0m [38;5;28;01mfrom[39;00m [38;5;21;01m.[39;00m [38;5;28;01mimport[39;00m data, util
[0;32m----> 4[0m [38;5;28;01mfrom[39;00m [38;5;21;01m.[39;00m[38;5;21;01mfrontend[39;00m [38;5;28;01mimport[39;00m Regridder, SpatialAverager
[1;32m      6[0m [38;5;28;01mtry[39;00m:
[1;32m      7[0m     [38;5;28;01mfrom[39;00m [38;5;21;01m.[39;00m[38;5;21;01m_version[39;00m [38;5;28;01mimport[39;00m __version__

File [0;32m/usr/share/miniconda3/envs/gridding-cookbook-dev/lib/python3.10/site-packages/xesmf/frontend.py:12[0m
[1;32m      9[0m [38;5;28;01mimport[39;00m [38;5;21;01mxarray[39;00m [38;5;28;01mas[39;00m [38;5;21;01mxr[39;00m
[1;32m     10[0m [38;5;28;01mfrom[39;00m [38;5;21;01mxarray[39;00m [38;5;28;01mimport[39;00m DataArray, Dataset
[0;32m---> 12[0m [38;5;28;01mfrom[39;00m [38;5;21;01m.[39;00m[38;5;21;01mbackend[39;00m [38;5;28;01mimport[39;00m Grid, LocStream, Mesh, add_corner, esmf_regrid_build, esmf_regrid_finalize
[1;32m     13[0m [38;5;28;01mfrom[39;00m [38;5;21;01m.[39;00m[38;5;21;01msmm[39;00m [38;5;28;01mimport[39;00m (
[1;32m     14[0m     _combine_weight_multipoly,
[1;32m     15[0m     _parse_coords_and_values,
[0;32m   (...)[0m
[1;32m     19[0m     read_weights,
[1;32m     20[0m )
[1;32m     21[0m [38;5;28;01mfrom[39;00m [38;5;21;01m.[39;00m[38;5;21;01mutil[39;00m [38;5;28;01mimport[39;00m LAT_CF_ATTRS, LON_CF_ATTRS, split_polygons_and_holes

File [0;32m/usr/share/miniconda3/envs/gridding-cookbook-dev/lib/python3.10/site-packages/xesmf/backend.py:21[0m
[1;32m     18[0m [38;5;28;01mimport[39;00m [38;5;21;01mos[39;00m
[1;32m     19[0m [38;5;28;01mimport[39;00m [38;5;21;01mwarnings[39;00m
[0;32m---> 21[0m [38;5;28;01mimport[39;00m [38;5;21;01mESMF[39;00m
[1;32m     22[0m [38;5;28;01mimport[39;00m [38;5;21;01mnumpy[39;00m [38;5;28;01mas[39;00m [38;5;21;01mnp[39;00m
[1;32m     23[0m [38;5;28;01mimport[39;00m [38;5;21;01mnumpy[39;00m[38;5;21;01m.[39;00m[38;5;21;01mlib[39;00m[38;5;21;01m.[39;00m[38;5;21;01mrecfunctions[39;00m [38;5;28;01mas[39;00m [38;5;21;01mnprec[39;00m

[0;31mModuleNotFoundError[0m: No module named 'ESMF'

